BLE/app/build/intermediates/manifest_merge_blame_file/debug/manifest-merger-blame-debug-report.txt
1<?xml version="1.0" encoding="utf-8"?>
2<manifest xmlns:android="http://schemas.android.com/apk/res/android"
3    package="com.example.ble"
4    android:versionCode="1"
5    android:versionName="1.0" >
6
7    <uses-sdk
8        android:minSdkVersion="23"
8-->src\main\AndroidManifest.xml
9        android:targetSdkVersion="29" />
9-->src\main\AndroidManifest.xml
10
11    <uses-permission android:name="android.permission.BLUETOOTH" /> <!-- Permission vragen om bluetooth te gebruiken -->
11-->src\main\AndroidManifest.xml:6:5-67
11-->src\main\AndroidManifest.xml:6:22-65
12    <uses-permission android:name="android.permission.BLUETOOTH_ADMIN" />
12-->src\main\AndroidManifest.xml:7:5-73
12-->src\main\AndroidManifest.xml:7:22-71
13
14    <!--
15         If your app targets Android 9 or lower, you can declare
16         ACCESS_COARSE_LOCATION instead.
17    -->
18    <uses-permission android:name="android.permission.ACCESS_FINE_LOCATION" />
18-->src\main\AndroidManifest.xml:11:5-79
18-->src\main\AndroidManifest.xml:11:22-76
19
20    <uses-feature
20-->src\main\AndroidManifest.xml:12:5-90
21        android:name="android.hardware.bluetooth_le"
21-->src\main\AndroidManifest.xml:12:19-63
22        android:required="false" />
22-->src\main\AndroidManifest.xml:12:64-88
23
24    <!-- Required moet op false voor BLE -->
25    <application
25-->src\main\AndroidManifest.xml:14:5-28:19
26        android:allowBackup="true"
26-->src\main\AndroidManifest.xml:15:9-35
27        android:appComponentFactory="androidx.core.app.CoreComponentFactory"
27-->[androidx.core:core:1.0.1] AndroidManifest.xml:22:18-86
28        android:debuggable="true"
29        android:extractNativeLibs="false"
30        android:icon="@mipmap/ic_launcher"
30-->src\main\AndroidManifest.xml:16:9-43
31        android:label="@string/app_name"
31-->src\main\AndroidManifest.xml:17:9-41
32        android:supportsRtl="true"
32-->src\main\AndroidManifest.xml:18:9-35
33        android:theme="@style/AppTheme" >
33-->src\main\AndroidManifest.xml:19:9-40
34        <activity android:name="com.example.ble.MainActivity" >
34-->src\main\AndroidManifest.xml:20:9-26:20
34-->src\main\AndroidManifest.xml:20:19-47
35            <intent-filter>
35-->src\main\AndroidManifest.xml:21:13-25:29
36                <action android:name="android.intent.action.MAIN" />
36-->src\main\AndroidManifest.xml:22:17-69
36-->src\main\AndroidManifest.xml:22:25-66
37
38                <category android:name="android.intent.category.LAUNCHER" />
38-->src\main\AndroidManifest.xml:24:17-77
38-->src\main\AndroidManifest.xml:24:27-74
39            </intent-filter>
40        </activity>
41    </application>
42
43</manifest>